mobile/build/intermediates/manifest_merge_blame_file/debug/processDebugMainManifest/manifest-merger-blame-debug-report.txt
1<?xml version="1.0" encoding="utf-8"?>
2<manifest xmlns:android="http://schemas.android.com/apk/res/android"
3    package="com.cd4li.tmuxmobile"
4    android:versionCode="3"
5    android:versionName="0.3" >
6
7    <uses-sdk
8        android:minSdkVersion="23"
9        android:targetSdkVersion="34" />
10
11    <uses-permission android:name="android.permission.INTERNET" />
11-->src/main/AndroidManifest.xml:4:5-67
11-->src/main/AndroidManifest.xml:4:22-64
12
13    <application
13-->src/main/AndroidManifest.xml:6:5-26:19
14        android:allowBackup="false"
14-->src/main/AndroidManifest.xml:7:9-36
15        android:debuggable="true"
16        android:extractNativeLibs="false"
17        android:icon="@mipmap/ic_launcher"
17-->src/main/AndroidManifest.xml:8:9-43
18        android:label="@string/app_name"
18-->src/main/AndroidManifest.xml:10:9-41
19        android:roundIcon="@mipmap/ic_launcher"
19-->src/main/AndroidManifest.xml:9:9-48
20        android:supportsRtl="true"
20-->src/main/AndroidManifest.xml:11:9-35
21        android:theme="@style/AppTheme"
21-->src/main/AndroidManifest.xml:12:9-40
22        android:usesCleartextTraffic="false" >
22-->src/main/AndroidManifest.xml:13:9-45
23        <activity
23-->src/main/AndroidManifest.xml:15:9-25:20
24            android:name="com.cd4li.tmuxmobile.MainActivity"
24-->src/main/AndroidManifest.xml:16:13-41
25            android:configChanges="orientation|screenSize|keyboardHidden|screenLayout|smallestScreenSize|density"
25-->src/main/AndroidManifest.xml:17:13-114
26            android:exported="true"
26-->src/main/AndroidManifest.xml:18:13-36
27            android:launchMode="singleTask"
27-->src/main/AndroidManifest.xml:20:13-44
28            android:windowSoftInputMode="adjustPan" >
28-->src/main/AndroidManifest.xml:19:13-52
29            <intent-filter>
29-->src/main/AndroidManifest.xml:21:13-24:29
30                <action android:name="android.intent.action.MAIN" />
30-->src/main/AndroidManifest.xml:22:17-69
30-->src/main/AndroidManifest.xml:22:25-66
31
32                <category android:name="android.intent.category.LAUNCHER" />
32-->src/main/AndroidManifest.xml:23:17-77
32-->src/main/AndroidManifest.xml:23:27-74
33            </intent-filter>
34        </activity>
35    </application>
36
37</manifest>